L 02/08/2020 - 06:26:52: SourceMod error session started
L 02/08/2020 - 06:26:52: Info (map "surf_dust2_2015_csgo") (file "/mnt/hlserver_extension1/27620/csgo/addons/sourcemod/logs/errors_20200208.log")
L 02/08/2020 - 06:26:52: [SM] Unable to load extension "dhooks.ext": /mnt/hlserver_extension1/27620/csgo/addons/sourcemod/extensions/dhooks.ext.so: cannot open shared object file: No such file or directory
L 02/08/2020 - 06:26:52: [SM] Failed to load plugin "upgrades/smrpg_upgrade_shrinking.smx": CS:GO models don't support scaling properly :(.
L 02/08/2020 - 06:26:52: [SM] Unable to load plugin "upgrades/smrpg_upgrade_speed.smx": Required extension "dhooks" file("dhooks.ext") not running
L 02/08/2020 - 06:26:52: [SM] Fatal error encountered parsing translation file "smrpg_cstrike.phrases.txt"
L 02/08/2020 - 06:26:52: [SM] Error (line 50, column 2): Section declared without header
L 02/08/2020 - 06:26:52: [SM] Exception reported: invalid handle 0 (error: 4)
L 02/08/2020 - 06:26:52: [SM] Blaming: SourceSleuth.smx
L 02/08/2020 - 06:26:52: [SM] Call stack trace:
L 02/08/2020 - 06:26:52: [SM]   [0] IsEndOfFile
L 02/08/2020 - 06:26:52: [SM]   [1] Line 265, SourceSleuth.sp::LoadWhiteList
L 02/08/2020 - 06:26:52: [SM]   [2] Line 86, SourceSleuth.sp::OnPluginStart
L 02/08/2020 - 06:26:52: [SM] Unable to load plugin "SourceSleuth.smx": Error detected in plugin startup (see error logs)
L 02/08/2020 - 06:26:52: [SM] Unable to load plugin "rockthevote.smx": Could not find required plugin "mapchooser"
L 02/08/2020 - 06:26:52: [SM] Unable to load plugin "nominations.smx": Could not find required plugin "mapchooser"
L 02/08/2020 - 06:26:52: [SM] Exception reported: Database failure: Could not find Database conf "sourcebans"
L 02/08/2020 - 06:26:52: [SM] Blaming: sourcebans.smx
L 02/08/2020 - 06:26:52: [SM] Call stack trace:
L 02/08/2020 - 06:26:52: [SM]   [0] SetFailState
L 02/08/2020 - 06:26:52: [SM]   [1] Line 209, sourcebans.sp::OnPluginStart
L 02/08/2020 - 06:26:52: [SM] Unable to load plugin "sourcebans.smx": Error detected in plugin startup (see error logs)
L 02/08/2020 - 06:26:52: [SM] Exception reported: Database failure: could not find database conf  sourcebans
L 02/08/2020 - 06:26:52: [SM] Blaming: sourcecomms.smx
L 02/08/2020 - 06:26:52: [SM] Call stack trace:
L 02/08/2020 - 06:26:52: [SM]   [0] SetFailState
L 02/08/2020 - 06:26:52: [SM]   [1] Line 221, sourcecomms.sp::OnPluginStart
L 02/08/2020 - 06:26:52: [SM] Unable to load plugin "sourcecomms.smx": Error detected in plugin startup (see error logs)
L 02/08/2020 - 06:26:52: [sb_admcfg.smx] Error(s) Detected Parsing addons/sourcemod/configs/sourcebans/sb_admin_groups.cfg
L 02/08/2020 - 06:26:52: [sb_admcfg.smx]  (line 0) Stream failed to open
L 02/08/2020 - 06:26:52: [sb_admcfg.smx] Error(s) Detected Parsing addons/sourcemod/configs/sourcebans/sb_admins.cfg
L 02/08/2020 - 06:26:52: [sb_admcfg.smx]  (line 0) Stream failed to open
L 02/08/2020 - 06:26:54: [SM] Exception reported: FATAL *** ERROR *** can not find addons/sourcemod/configs/sourcebans/sourcebans.cfg
L 02/08/2020 - 06:26:54: [SM] Blaming: sbchecker.smx
L 02/08/2020 - 06:26:54: [SM] Call stack trace:
L 02/08/2020 - 06:26:54: [SM]   [0] SetFailState
L 02/08/2020 - 06:26:54: [SM]   [1] Line 337, sbchecker.sp::ReadConfig
L 02/08/2020 - 06:26:54: [SM]   [2] Line 64, sbchecker.sp::OnMapStart
L 02/08/2020 - 13:12:38: Error log file session closed.
L 02/08/2020 - 13:12:38: SourceMod error session started
L 02/08/2020 - 13:12:38: Info (map "surf_dust2_2015_csgo") (file "/mnt/hlserver_extension1/27620/csgo/addons/sourcemod/logs/errors_20200208.log")
L 02/08/2020 - 13:12:38: [SM] Fatal error encountered parsing translation file "smrpg_cstrike.phrases.txt"
L 02/08/2020 - 13:12:38: [SM] Error (line 50, column 2): Section declared without header
L 02/08/2020 - 13:12:38: [sb_admcfg.smx] Error(s) Detected Parsing addons/sourcemod/configs/sourcebans/sb_admin_groups.cfg
L 02/08/2020 - 13:12:38: [sb_admcfg.smx]  (line 0) Stream failed to open
L 02/08/2020 - 13:12:38: [sb_admcfg.smx] Error(s) Detected Parsing addons/sourcemod/configs/sourcebans/sb_admins.cfg
L 02/08/2020 - 13:12:38: [sb_admcfg.smx]  (line 0) Stream failed to open
L 02/08/2020 - 13:12:39: [SM] Exception reported: Invalid database Handle 0 (error: 4)
L 02/08/2020 - 13:12:39: [SM] Blaming: extendedspeedmeter.smx
L 02/08/2020 - 13:12:39: [SM] Call stack trace:
L 02/08/2020 - 13:12:39: [SM]   [0] SQL_LockDatabase
L 02/08/2020 - 13:12:39: [SM]   [1] Line 3755, C:\Users\user\Desktop\scripting\extendedspeedmeter.sp::GetMapRecords
L 02/08/2020 - 13:12:39: [SM]   [2] Line 474, C:\Users\user\Desktop\scripting\extendedspeedmeter.sp::OnMapStart
L 02/08/2020 - 13:12:39: [SM] Exception reported: FATAL *** ERROR *** can not find addons/sourcemod/configs/sourcebans/sourcebans.cfg
L 02/08/2020 - 13:12:39: [SM] Blaming: sbchecker.smx
L 02/08/2020 - 13:12:39: [SM] Call stack trace:
L 02/08/2020 - 13:12:39: [SM]   [0] SetFailState
L 02/08/2020 - 13:12:39: [SM]   [1] Line 337, sbchecker.sp::ReadConfig
L 02/08/2020 - 13:12:39: [SM]   [2] Line 64, sbchecker.sp::OnMapStart
L 02/08/2020 - 13:12:59: [extendedspeedmeter.smx] Extended Speed meter: Connection to SQL database has failed: [2002]: Can't connect to local MySQL server through socket '/tmp/mysql.sock' (2)
L 02/08/2020 - 13:12:59: [extendedspeedmeter.smx] Extended Speed meter: Connection to SQL database has failed: [2002]: Can't connect to local MySQL server through socket '/tmp/mysql.sock' (2)
L 02/08/2020 - 13:12:59: [extendedspeedmeter.smx] Extended Speed meter: Connection to SQL database has failed: [2002]: Can't connect to local MySQL server through socket '/tmp/mysql.sock' (2)
L 02/08/2020 - 13:12:59: [extendedspeedmeter.smx] Extended Speed meter: Connection to SQL database has failed: [2002]: Can't connect to local MySQL server through socket '/tmp/mysql.sock' (2)
L 02/08/2020 - 13:12:59: [extendedspeedmeter.smx] Extended Speed meter: Connection to SQL database has failed: [2002]: Can't connect to local MySQL server through socket '/tmp/mysql.sock' (2)
L 02/08/2020 - 13:12:59: [extendedspeedmeter.smx] Extended Speed meter: Plugin stopped, reconnect counter reached max
L 02/08/2020 - 15:48:08: SourceMod error session started
L 02/08/2020 - 15:48:08: Info (map "surf_dust2_2015_csgo") (file "/mnt/hlserver_extension1/27620/csgo/addons/sourcemod/logs/errors_20200208.log")
L 02/08/2020 - 15:48:08: [SM] Unable to load extension "dhooks.ext": /mnt/hlserver_extension1/27620/csgo/addons/sourcemod/extensions/dhooks.ext.so: cannot open shared object file: No such file or directory
L 02/08/2020 - 15:48:08: [SM] Failed to load plugin "upgrades/smrpg_upgrade_shrinking.smx": CS:GO models don't support scaling properly :(.
L 02/08/2020 - 15:48:08: [SM] Unable to load plugin "upgrades/smrpg_upgrade_speed.smx": Required extension "dhooks" file("dhooks.ext") not running
L 02/08/2020 - 15:48:08: [SM] Fatal error encountered parsing translation file "smrpg_cstrike.phrases.txt"
L 02/08/2020 - 15:48:08: [SM] Error (line 50, column 2): Section declared without header
L 02/08/2020 - 15:48:08: [SM] Exception reported: invalid handle 0 (error: 4)
L 02/08/2020 - 15:48:08: [SM] Blaming: SourceSleuth.smx
L 02/08/2020 - 15:48:08: [SM] Call stack trace:
L 02/08/2020 - 15:48:08: [SM]   [0] IsEndOfFile
L 02/08/2020 - 15:48:08: [SM]   [1] Line 265, SourceSleuth.sp::LoadWhiteList
L 02/08/2020 - 15:48:08: [SM]   [2] Line 86, SourceSleuth.sp::OnPluginStart
L 02/08/2020 - 15:48:08: [SM] Unable to load plugin "SourceSleuth.smx": Error detected in plugin startup (see error logs)
L 02/08/2020 - 15:48:08: [SM] Unable to load plugin "rockthevote.smx": Could not find required plugin "mapchooser"
L 02/08/2020 - 15:48:08: [SM] Unable to load plugin "store-auras.smx": Native "Store_RegisterHandler" was not found
L 02/08/2020 - 15:48:08: [SM] Unable to load plugin "nominations.smx": Could not find required plugin "mapchooser"
L 02/08/2020 - 15:48:08: [SM] Exception reported: Database failure: Could not find Database conf "sourcebans"
L 02/08/2020 - 15:48:08: [SM] Blaming: sourcebans.smx
L 02/08/2020 - 15:48:08: [SM] Call stack trace:
L 02/08/2020 - 15:48:08: [SM]   [0] SetFailState
L 02/08/2020 - 15:48:08: [SM]   [1] Line 209, sourcebans.sp::OnPluginStart
L 02/08/2020 - 15:48:08: [SM] Unable to load plugin "sourcebans.smx": Error detected in plugin startup (see error logs)
L 02/08/2020 - 15:48:08: [SM] Exception reported: Database failure: could not find database conf  sourcebans
L 02/08/2020 - 15:48:08: [SM] Blaming: sourcecomms.smx
L 02/08/2020 - 15:48:08: [SM] Call stack trace:
L 02/08/2020 - 15:48:08: [SM]   [0] SetFailState
L 02/08/2020 - 15:48:08: [SM]   [1] Line 221, sourcecomms.sp::OnPluginStart
L 02/08/2020 - 15:48:08: [SM] Unable to load plugin "sourcecomms.smx": Error detected in plugin startup (see error logs)
L 02/08/2020 - 15:48:08: [sb_admcfg.smx] Error(s) Detected Parsing addons/sourcemod/configs/sourcebans/sb_admin_groups.cfg
L 02/08/2020 - 15:48:08: [sb_admcfg.smx]  (line 0) Stream failed to open
L 02/08/2020 - 15:48:08: [sb_admcfg.smx] Error(s) Detected Parsing addons/sourcemod/configs/sourcebans/sb_admins.cfg
L 02/08/2020 - 15:48:08: [sb_admcfg.smx]  (line 0) Stream failed to open
L 02/08/2020 - 15:48:10: [SM] Exception reported: FATAL *** ERROR *** can not find addons/sourcemod/configs/sourcebans/sourcebans.cfg
L 02/08/2020 - 15:48:10: [SM] Blaming: sbchecker.smx
L 02/08/2020 - 15:48:10: [SM] Call stack trace:
L 02/08/2020 - 15:48:10: [SM]   [0] SetFailState
L 02/08/2020 - 15:48:10: [SM]   [1] Line 337, sbchecker.sp::ReadConfig
L 02/08/2020 - 15:48:10: [SM]   [2] Line 64, sbchecker.sp::OnMapStart
L 02/08/2020 - 15:48:45: Error log file session closed.
L 02/08/2020 - 15:48:45: SourceMod error session started
L 02/08/2020 - 15:48:45: Info (map "surf_dust2_2015_csgo") (file "/mnt/hlserver_extension1/27620/csgo/addons/sourcemod/logs/errors_20200208.log")
L 02/08/2020 - 15:48:45: [SM] Fatal error encountered parsing translation file "smrpg_cstrike.phrases.txt"
L 02/08/2020 - 15:48:45: [SM] Error (line 50, column 2): Section declared without header
L 02/08/2020 - 15:48:45: [sb_admcfg.smx] Error(s) Detected Parsing addons/sourcemod/configs/sourcebans/sb_admin_groups.cfg
L 02/08/2020 - 15:48:45: [sb_admcfg.smx]  (line 0) Stream failed to open
L 02/08/2020 - 15:48:45: [sb_admcfg.smx] Error(s) Detected Parsing addons/sourcemod/configs/sourcebans/sb_admins.cfg
L 02/08/2020 - 15:48:45: [sb_admcfg.smx]  (line 0) Stream failed to open
L 02/08/2020 - 15:48:47: [SM] Exception reported: Invalid database Handle 0 (error: 4)
L 02/08/2020 - 15:48:47: [SM] Blaming: extendedspeedmeter.smx
L 02/08/2020 - 15:48:47: [SM] Call stack trace:
L 02/08/2020 - 15:48:47: [SM]   [0] SQL_LockDatabase
L 02/08/2020 - 15:48:47: [SM]   [1] Line 3755, C:\Users\user\Desktop\scripting\extendedspeedmeter.sp::GetMapRecords
L 02/08/2020 - 15:48:47: [SM]   [2] Line 474, C:\Users\user\Desktop\scripting\extendedspeedmeter.sp::OnMapStart
L 02/08/2020 - 15:48:47: [SM] Exception reported: FATAL *** ERROR *** can not find addons/sourcemod/configs/sourcebans/sourcebans.cfg
L 02/08/2020 - 15:48:47: [SM] Blaming: sbchecker.smx
L 02/08/2020 - 15:48:47: [SM] Call stack trace:
L 02/08/2020 - 15:48:47: [SM]   [0] SetFailState
L 02/08/2020 - 15:48:47: [SM]   [1] Line 337, sbchecker.sp::ReadConfig
L 02/08/2020 - 15:48:47: [SM]   [2] Line 64, sbchecker.sp::OnMapStart
L 02/08/2020 - 15:48:47: [extendedspeedmeter.smx] Extended Speed meter: Connection to SQL database has failed: [2002]: Can't connect to local MySQL server through socket '/tmp/mysql.sock' (2)
L 02/08/2020 - 15:48:47: [extendedspeedmeter.smx] Extended Speed meter: Connection to SQL database has failed: [2002]: Can't connect to local MySQL server through socket '/tmp/mysql.sock' (2)
L 02/08/2020 - 15:48:47: [extendedspeedmeter.smx] Extended Speed meter: Connection to SQL database has failed: [2002]: Can't connect to local MySQL server through socket '/tmp/mysql.sock' (2)
L 02/08/2020 - 15:48:47: [extendedspeedmeter.smx] Extended Speed meter: Connection to SQL database has failed: [2002]: Can't connect to local MySQL server through socket '/tmp/mysql.sock' (2)
L 02/08/2020 - 15:48:47: [extendedspeedmeter.smx] Extended Speed meter: Connection to SQL database has failed: [2002]: Can't connect to local MySQL server through socket '/tmp/mysql.sock' (2)
L 02/08/2020 - 15:48:47: [extendedspeedmeter.smx] Extended Speed meter: Plugin stopped, reconnect counter reached max
L 02/08/2020 - 15:49:12: [RoundSound.smx] No team has win the round.
L 02/08/2020 - 15:54:20: [RoundSound.smx] No team has win the round.
L 02/08/2020 - 16:02:34: [SM] Exception reported: Invalid database Handle 0 (error: 4)
L 02/08/2020 - 16:02:34: [SM] Blaming: extendedspeedmeter.smx
L 02/08/2020 - 16:02:34: [SM] Call stack trace:
L 02/08/2020 - 16:02:34: [SM]   [0] SQL_LockDatabase
L 02/08/2020 - 16:02:34: [SM]   [1] Line 4014, C:\Users\user\Desktop\scripting\extendedspeedmeter.sp::SaveMapRecords
L 02/08/2020 - 16:02:34: [SM]   [2] Line 489, C:\Users\user\Desktop\scripting\extendedspeedmeter.sp::OnMapEnd
L 02/08/2020 - 16:02:35: Error log file session closed.
L 02/08/2020 - 16:02:46: SourceMod error session started
L 02/08/2020 - 16:02:46: Info (map "surf_dust2_2015_csgo") (file "/mnt/hlserver_extension1/27620/csgo/addons/sourcemod/logs/errors_20200208.log")
L 02/08/2020 - 16:02:46: [SM] Unable to load extension "dhooks.ext": /mnt/hlserver_extension1/27620/csgo/addons/sourcemod/extensions/dhooks.ext.so: cannot open shared object file: No such file or directory
L 02/08/2020 - 16:02:46: [SM] Failed to load plugin "upgrades/smrpg_upgrade_shrinking.smx": CS:GO models don't support scaling properly :(.
L 02/08/2020 - 16:02:46: [SM] Unable to load plugin "upgrades/smrpg_upgrade_speed.smx": Required extension "dhooks" file("dhooks.ext") not running
L 02/08/2020 - 16:02:46: [SM] Fatal error encountered parsing translation file "smrpg_cstrike.phrases.txt"
L 02/08/2020 - 16:02:46: [SM] Error (line 50, column 2): Section declared without header
L 02/08/2020 - 16:02:46: [SM] Exception reported: invalid handle 0 (error: 4)
L 02/08/2020 - 16:02:46: [SM] Blaming: SourceSleuth.smx
L 02/08/2020 - 16:02:46: [SM] Call stack trace:
L 02/08/2020 - 16:02:46: [SM]   [0] IsEndOfFile
L 02/08/2020 - 16:02:46: [SM]   [1] Line 265, SourceSleuth.sp::LoadWhiteList
L 02/08/2020 - 16:02:46: [SM]   [2] Line 86, SourceSleuth.sp::OnPluginStart
L 02/08/2020 - 16:02:46: [SM] Unable to load plugin "SourceSleuth.smx": Error detected in plugin startup (see error logs)
L 02/08/2020 - 16:02:46: [SM] Unable to load plugin "rockthevote.smx": Could not find required plugin "mapchooser"
L 02/08/2020 - 16:02:46: [SM] Unable to load plugin "store-auras.smx": Native "Store_RegisterHandler" was not found
L 02/08/2020 - 16:02:46: [SM] Unable to load plugin "nominations.smx": Could not find required plugin "mapchooser"
L 02/08/2020 - 16:02:46: [SM] Exception reported: Database failure: Could not find Database conf "sourcebans"
L 02/08/2020 - 16:02:46: [SM] Blaming: sourcebans.smx
L 02/08/2020 - 16:02:46: [SM] Call stack trace:
L 02/08/2020 - 16:02:46: [SM]   [0] SetFailState
L 02/08/2020 - 16:02:46: [SM]   [1] Line 209, sourcebans.sp::OnPluginStart
L 02/08/2020 - 16:02:46: [SM] Unable to load plugin "sourcebans.smx": Error detected in plugin startup (see error logs)
L 02/08/2020 - 16:02:46: [SM] Exception reported: Database failure: could not find database conf  sourcebans
L 02/08/2020 - 16:02:46: [SM] Blaming: sourcecomms.smx
L 02/08/2020 - 16:02:46: [SM] Call stack trace:
L 02/08/2020 - 16:02:46: [SM]   [0] SetFailState
L 02/08/2020 - 16:02:46: [SM]   [1] Line 221, sourcecomms.sp::OnPluginStart
L 02/08/2020 - 16:02:46: [SM] Unable to load plugin "sourcecomms.smx": Error detected in plugin startup (see error logs)
L 02/08/2020 - 16:02:46: [sb_admcfg.smx] Error(s) Detected Parsing addons/sourcemod/configs/sourcebans/sb_admin_groups.cfg
L 02/08/2020 - 16:02:46: [sb_admcfg.smx]  (line 0) Stream failed to open
L 02/08/2020 - 16:02:46: [sb_admcfg.smx] Error(s) Detected Parsing addons/sourcemod/configs/sourcebans/sb_admins.cfg
L 02/08/2020 - 16:02:46: [sb_admcfg.smx]  (line 0) Stream failed to open
L 02/08/2020 - 16:02:48: [SM] Exception reported: FATAL *** ERROR *** can not find addons/sourcemod/configs/sourcebans/sourcebans.cfg
L 02/08/2020 - 16:02:48: [SM] Blaming: sbchecker.smx
L 02/08/2020 - 16:02:48: [SM] Call stack trace:
L 02/08/2020 - 16:02:48: [SM]   [0] SetFailState
L 02/08/2020 - 16:02:48: [SM]   [1] Line 337, sbchecker.sp::ReadConfig
L 02/08/2020 - 16:02:48: [SM]   [2] Line 64, sbchecker.sp::OnMapStart
L 02/08/2020 - 16:03:11: Error log file session closed.
L 02/08/2020 - 16:03:11: SourceMod error session started
L 02/08/2020 - 16:03:11: Info (map "surf_dust2_2015_csgo") (file "/mnt/hlserver_extension1/27620/csgo/addons/sourcemod/logs/errors_20200208.log")
L 02/08/2020 - 16:03:11: [SM] Fatal error encountered parsing translation file "smrpg_cstrike.phrases.txt"
L 02/08/2020 - 16:03:11: [SM] Error (line 50, column 2): Section declared without header
L 02/08/2020 - 16:03:11: [sb_admcfg.smx] Error(s) Detected Parsing addons/sourcemod/configs/sourcebans/sb_admin_groups.cfg
L 02/08/2020 - 16:03:11: [sb_admcfg.smx]  (line 0) Stream failed to open
L 02/08/2020 - 16:03:11: [sb_admcfg.smx] Error(s) Detected Parsing addons/sourcemod/configs/sourcebans/sb_admins.cfg
L 02/08/2020 - 16:03:11: [sb_admcfg.smx]  (line 0) Stream failed to open
L 02/08/2020 - 16:03:12: [SM] Exception reported: Invalid database Handle 0 (error: 4)
L 02/08/2020 - 16:03:12: [SM] Blaming: extendedspeedmeter.smx
L 02/08/2020 - 16:03:12: [SM] Call stack trace:
L 02/08/2020 - 16:03:12: [SM]   [0] SQL_LockDatabase
L 02/08/2020 - 16:03:12: [SM]   [1] Line 3755, C:\Users\user\Desktop\scripting\extendedspeedmeter.sp::GetMapRecords
L 02/08/2020 - 16:03:12: [SM]   [2] Line 474, C:\Users\user\Desktop\scripting\extendedspeedmeter.sp::OnMapStart
L 02/08/2020 - 16:03:12: [SM] Exception reported: FATAL *** ERROR *** can not find addons/sourcemod/configs/sourcebans/sourcebans.cfg
L 02/08/2020 - 16:03:12: [SM] Blaming: sbchecker.smx
L 02/08/2020 - 16:03:12: [SM] Call stack trace:
L 02/08/2020 - 16:03:12: [SM]   [0] SetFailState
L 02/08/2020 - 16:03:12: [SM]   [1] Line 337, sbchecker.sp::ReadConfig
L 02/08/2020 - 16:03:12: [SM]   [2] Line 64, sbchecker.sp::OnMapStart
L 02/08/2020 - 16:03:12: [extendedspeedmeter.smx] Extended Speed meter: Connection to SQL database has failed: [2002]: Can't connect to local MySQL server through socket '/tmp/mysql.sock' (2)
L 02/08/2020 - 16:03:12: [extendedspeedmeter.smx] Extended Speed meter: Connection to SQL database has failed: [2002]: Can't connect to local MySQL server through socket '/tmp/mysql.sock' (2)
L 02/08/2020 - 16:03:12: [extendedspeedmeter.smx] Extended Speed meter: Connection to SQL database has failed: [2002]: Can't connect to local MySQL server through socket '/tmp/mysql.sock' (2)
L 02/08/2020 - 16:03:12: [extendedspeedmeter.smx] Extended Speed meter: Connection to SQL database has failed: [2002]: Can't connect to local MySQL server through socket '/tmp/mysql.sock' (2)
L 02/08/2020 - 16:03:12: [extendedspeedmeter.smx] Extended Speed meter: Connection to SQL database has failed: [2002]: Can't connect to local MySQL server through socket '/tmp/mysql.sock' (2)
L 02/08/2020 - 16:03:12: [extendedspeedmeter.smx] Extended Speed meter: Plugin stopped, reconnect counter reached max
L 02/08/2020 - 16:03:38: [RoundSound.smx] No team has win the round.
L 02/08/2020 - 16:22:12: Error log file session closed.
L 02/08/2020 - 16:22:23: SourceMod error session started
L 02/08/2020 - 16:22:23: Info (map "surf_dust2_2015_csgo") (file "/mnt/hlserver_extension1/27620/csgo/addons/sourcemod/logs/errors_20200208.log")
L 02/08/2020 - 16:22:23: [SM] Unable to load extension "dhooks.ext": /mnt/hlserver_extension1/27620/csgo/addons/sourcemod/extensions/dhooks.ext.so: cannot open shared object file: No such file or directory
L 02/08/2020 - 16:22:23: [SM] Failed to load plugin "upgrades/smrpg_upgrade_shrinking.smx": CS:GO models don't support scaling properly :(.
L 02/08/2020 - 16:22:23: [SM] Unable to load plugin "upgrades/smrpg_upgrade_speed.smx": Required extension "dhooks" file("dhooks.ext") not running
L 02/08/2020 - 16:22:23: [SM] Fatal error encountered parsing translation file "smrpg_cstrike.phrases.txt"
L 02/08/2020 - 16:22:23: [SM] Error (line 50, column 2): Section declared without header
L 02/08/2020 - 16:22:23: [SM] Exception reported: invalid handle 0 (error: 4)
L 02/08/2020 - 16:22:23: [SM] Blaming: SourceSleuth.smx
L 02/08/2020 - 16:22:23: [SM] Call stack trace:
L 02/08/2020 - 16:22:23: [SM]   [0] IsEndOfFile
L 02/08/2020 - 16:22:23: [SM]   [1] Line 265, SourceSleuth.sp::LoadWhiteList
L 02/08/2020 - 16:22:23: [SM]   [2] Line 86, SourceSleuth.sp::OnPluginStart
L 02/08/2020 - 16:22:23: [SM] Unable to load plugin "SourceSleuth.smx": Error detected in plugin startup (see error logs)
L 02/08/2020 - 16:22:23: [store.smx] Gifts! isn't installed or failed to load. Gifts support will be disabled. Please install Gifts. (http://forums.alliedmods.net/showthread.php?t=175185)
L 02/08/2020 - 16:22:23: [store.smx] Simple Chat Processor isn't installed or failed to load. SCP support will be disabled. (http://forums.alliedmods.net/showthread.php?t=198501)
L 02/08/2020 - 16:22:23: [SM] Unable to load plugin "rockthevote.smx": Could not find required plugin "mapchooser"
L 02/08/2020 - 16:22:23: [SM] Unable to load plugin "nominations.smx": Could not find required plugin "mapchooser"
L 02/08/2020 - 16:22:23: [SM] Exception reported: Database failure: Could not find Database conf "sourcebans"
L 02/08/2020 - 16:22:23: [SM] Blaming: sourcebans.smx
L 02/08/2020 - 16:22:23: [SM] Call stack trace:
L 02/08/2020 - 16:22:23: [SM]   [0] SetFailState
L 02/08/2020 - 16:22:23: [SM]   [1] Line 209, sourcebans.sp::OnPluginStart
L 02/08/2020 - 16:22:23: [SM] Unable to load plugin "sourcebans.smx": Error detected in plugin startup (see error logs)
L 02/08/2020 - 16:22:23: [SM] Exception reported: Database failure: could not find database conf  sourcebans
L 02/08/2020 - 16:22:23: [SM] Blaming: sourcecomms.smx
L 02/08/2020 - 16:22:23: [SM] Call stack trace:
L 02/08/2020 - 16:22:23: [SM]   [0] SetFailState
L 02/08/2020 - 16:22:23: [SM]   [1] Line 221, sourcecomms.sp::OnPluginStart
L 02/08/2020 - 16:22:23: [SM] Unable to load plugin "sourcecomms.smx": Error detected in plugin startup (see error logs)
L 02/08/2020 - 16:22:23: [sb_admcfg.smx] Error(s) Detected Parsing addons/sourcemod/configs/sourcebans/sb_admin_groups.cfg
L 02/08/2020 - 16:22:23: [sb_admcfg.smx]  (line 0) Stream failed to open
L 02/08/2020 - 16:22:23: [sb_admcfg.smx] Error(s) Detected Parsing addons/sourcemod/configs/sourcebans/sb_admins.cfg
L 02/08/2020 - 16:22:23: [sb_admcfg.smx]  (line 0) Stream failed to open
L 02/08/2020 - 16:22:25: [SM] Exception reported: FATAL *** ERROR *** can not find addons/sourcemod/configs/sourcebans/sourcebans.cfg
L 02/08/2020 - 16:22:25: [SM] Blaming: sbchecker.smx
L 02/08/2020 - 16:22:25: [SM] Call stack trace:
L 02/08/2020 - 16:22:25: [SM]   [0] SetFailState
L 02/08/2020 - 16:22:25: [SM]   [1] Line 337, sbchecker.sp::ReadConfig
L 02/08/2020 - 16:22:25: [SM]   [2] Line 64, sbchecker.sp::OnMapStart
L 02/08/2020 - 16:24:12: Error log file session closed.
L 02/08/2020 - 16:24:12: SourceMod error session started
L 02/08/2020 - 16:24:12: Info (map "surf_dust2_2015_csgo") (file "/mnt/hlserver_extension1/27620/csgo/addons/sourcemod/logs/errors_20200208.log")
L 02/08/2020 - 16:24:12: [SM] Fatal error encountered parsing translation file "smrpg_cstrike.phrases.txt"
L 02/08/2020 - 16:24:12: [SM] Error (line 50, column 2): Section declared without header
L 02/08/2020 - 16:24:12: [sb_admcfg.smx] Error(s) Detected Parsing addons/sourcemod/configs/sourcebans/sb_admin_groups.cfg
L 02/08/2020 - 16:24:12: [sb_admcfg.smx]  (line 0) Stream failed to open
L 02/08/2020 - 16:24:12: [sb_admcfg.smx] Error(s) Detected Parsing addons/sourcemod/configs/sourcebans/sb_admins.cfg
L 02/08/2020 - 16:24:12: [sb_admcfg.smx]  (line 0) Stream failed to open
L 02/08/2020 - 16:24:13: [SM] Exception reported: Invalid database Handle 0 (error: 4)
L 02/08/2020 - 16:24:13: [SM] Blaming: extendedspeedmeter.smx
L 02/08/2020 - 16:24:13: [SM] Call stack trace:
L 02/08/2020 - 16:24:13: [SM]   [0] SQL_LockDatabase
L 02/08/2020 - 16:24:13: [SM]   [1] Line 3755, C:\Users\user\Desktop\scripting\extendedspeedmeter.sp::GetMapRecords
L 02/08/2020 - 16:24:13: [SM]   [2] Line 474, C:\Users\user\Desktop\scripting\extendedspeedmeter.sp::OnMapStart
L 02/08/2020 - 16:24:13: [SM] Exception reported: FATAL *** ERROR *** can not find addons/sourcemod/configs/sourcebans/sourcebans.cfg
L 02/08/2020 - 16:24:13: [SM] Blaming: sbchecker.smx
L 02/08/2020 - 16:24:13: [SM] Call stack trace:
L 02/08/2020 - 16:24:13: [SM]   [0] SetFailState
L 02/08/2020 - 16:24:13: [SM]   [1] Line 337, sbchecker.sp::ReadConfig
L 02/08/2020 - 16:24:13: [SM]   [2] Line 64, sbchecker.sp::OnMapStart
L 02/08/2020 - 16:24:13: [extendedspeedmeter.smx] Extended Speed meter: Connection to SQL database has failed: [2002]: Can't connect to local MySQL server through socket '/tmp/mysql.sock' (2)
L 02/08/2020 - 16:24:13: [extendedspeedmeter.smx] Extended Speed meter: Connection to SQL database has failed: [2002]: Can't connect to local MySQL server through socket '/tmp/mysql.sock' (2)
L 02/08/2020 - 16:24:13: [extendedspeedmeter.smx] Extended Speed meter: Connection to SQL database has failed: [2002]: Can't connect to local MySQL server through socket '/tmp/mysql.sock' (2)
L 02/08/2020 - 16:24:13: [extendedspeedmeter.smx] Extended Speed meter: Connection to SQL database has failed: [2002]: Can't connect to local MySQL server through socket '/tmp/mysql.sock' (2)
L 02/08/2020 - 16:24:13: [extendedspeedmeter.smx] Extended Speed meter: Connection to SQL database has failed: [2002]: Can't connect to local MySQL server through socket '/tmp/mysql.sock' (2)
L 02/08/2020 - 16:24:13: [extendedspeedmeter.smx] Extended Speed meter: Plugin stopped, reconnect counter reached max
L 02/08/2020 - 16:31:19: [RoundSound.smx] No team has win the round.
L 02/08/2020 - 16:40:35: [SM] Exception reported: Language phrase "Gamesites Commands" not found (arg 6)
L 02/08/2020 - 16:40:35: [SM] Blaming: adminmenu.smx
L 02/08/2020 - 16:40:35: [SM] Call stack trace:
L 02/08/2020 - 16:40:35: [SM]   [0] Format
L 02/08/2020 - 16:40:35: [SM]   [1] Line 166, C:\Users\user\Desktop\scripting\adminmenu.sp::DefaultCategoryHandler
L 02/08/2020 - 16:40:35: [SM]   [3] TopMenu.Display
L 02/08/2020 - 16:40:35: [SM]   [4] Line 205, C:\Users\user\Desktop\scripting\adminmenu.sp::Command_DisplayMenu
L 02/08/2020 - 16:41:13: [RoundSound.smx] No team has win the round.
L 02/08/2020 - 16:44:34: [RoundSound.smx] No team has win the round.
L 02/08/2020 - 16:44:49: [RoundSound.smx] No team has win the round.
L 02/08/2020 - 21:10:22: [SM] Exception reported: Invalid database Handle 0 (error: 4)
L 02/08/2020 - 21:10:22: [SM] Blaming: extendedspeedmeter.smx
L 02/08/2020 - 21:10:22: [SM] Call stack trace:
L 02/08/2020 - 21:10:22: [SM]   [0] SQL_LockDatabase
L 02/08/2020 - 21:10:22: [SM]   [1] Line 4014, C:\Users\user\Desktop\scripting\extendedspeedmeter.sp::SaveMapRecords
L 02/08/2020 - 21:10:22: [SM]   [2] Line 489, C:\Users\user\Desktop\scripting\extendedspeedmeter.sp::OnMapEnd
L 02/08/2020 - 21:10:31: SourceMod error session started
L 02/08/2020 - 21:10:31: Info (map "surf_dust2_2015_csgo") (file "/mnt/hlserver_extension1/27620/csgo/addons/sourcemod/logs/errors_20200208.log")
L 02/08/2020 - 21:10:31: [SM] Unable to load extension "dhooks.ext": /mnt/hlserver_extension1/27620/csgo/addons/sourcemod/extensions/dhooks.ext.so: cannot open shared object file: No such file or directory
L 02/08/2020 - 21:10:31: [SM] Failed to load plugin "upgrades/smrpg_upgrade_shrinking.smx": CS:GO models don't support scaling properly :(.
L 02/08/2020 - 21:10:31: [SM] Unable to load plugin "upgrades/smrpg_upgrade_speed.smx": Required extension "dhooks" file("dhooks.ext") not running
L 02/08/2020 - 21:10:31: [SM] Fatal error encountered parsing translation file "smrpg_cstrike.phrases.txt"
L 02/08/2020 - 21:10:31: [SM] Error (line 50, column 2): Section declared without header
L 02/08/2020 - 21:10:31: [SM] Exception reported: invalid handle 0 (error: 4)
L 02/08/2020 - 21:10:31: [SM] Blaming: SourceSleuth.smx
L 02/08/2020 - 21:10:31: [SM] Call stack trace:
L 02/08/2020 - 21:10:31: [SM]   [0] IsEndOfFile
L 02/08/2020 - 21:10:31: [SM]   [1] Line 265, SourceSleuth.sp::LoadWhiteList
L 02/08/2020 - 21:10:31: [SM]   [2] Line 86, SourceSleuth.sp::OnPluginStart
L 02/08/2020 - 21:10:31: [SM] Unable to load plugin "SourceSleuth.smx": Error detected in plugin startup (see error logs)
L 02/08/2020 - 21:10:31: [SM] Unable to load plugin "vip.smx": Could not find required plugin "ccc"
L 02/08/2020 - 21:10:31: [SM] Unable to load plugin "rockthevote.smx": Could not find required plugin "mapchooser"
L 02/08/2020 - 21:10:31: [SM] Unable to load plugin "nominations.smx": Could not find required plugin "mapchooser"
L 02/08/2020 - 21:10:31: [SM] Exception reported: Database failure: Could not find Database conf "sourcebans"
L 02/08/2020 - 21:10:31: [SM] Blaming: sourcebans.smx
L 02/08/2020 - 21:10:31: [SM] Call stack trace:
L 02/08/2020 - 21:10:31: [SM]   [0] SetFailState
L 02/08/2020 - 21:10:31: [SM]   [1] Line 209, sourcebans.sp::OnPluginStart
L 02/08/2020 - 21:10:31: [SM] Unable to load plugin "sourcebans.smx": Error detected in plugin startup (see error logs)
L 02/08/2020 - 21:10:31: [SM] Exception reported: Database failure: could not find database conf  sourcebans
L 02/08/2020 - 21:10:31: [SM] Blaming: sourcecomms.smx
L 02/08/2020 - 21:10:31: [SM] Call stack trace:
L 02/08/2020 - 21:10:31: [SM]   [0] SetFailState
L 02/08/2020 - 21:10:31: [SM]   [1] Line 221, sourcecomms.sp::OnPluginStart
L 02/08/2020 - 21:10:31: [SM] Unable to load plugin "sourcecomms.smx": Error detected in plugin startup (see error logs)
L 02/08/2020 - 21:10:32: [sb_admcfg.smx] Error(s) Detected Parsing addons/sourcemod/configs/sourcebans/sb_admin_groups.cfg
L 02/08/2020 - 21:10:32: [sb_admcfg.smx]  (line 0) Stream failed to open
L 02/08/2020 - 21:10:32: [sb_admcfg.smx] Error(s) Detected Parsing addons/sourcemod/configs/sourcebans/sb_admins.cfg
L 02/08/2020 - 21:10:32: [sb_admcfg.smx]  (line 0) Stream failed to open
L 02/08/2020 - 21:10:33: [SM] Exception reported: FATAL *** ERROR *** can not find addons/sourcemod/configs/sourcebans/sourcebans.cfg
L 02/08/2020 - 21:10:33: [SM] Blaming: sbchecker.smx
L 02/08/2020 - 21:10:33: [SM] Call stack trace:
L 02/08/2020 - 21:10:33: [SM]   [0] SetFailState
L 02/08/2020 - 21:10:33: [SM]   [1] Line 337, sbchecker.sp::ReadConfig
L 02/08/2020 - 21:10:33: [SM]   [2] Line 64, sbchecker.sp::OnMapStart
L 02/08/2020 - 21:18:34: SourceMod error session started
L 02/08/2020 - 21:18:34: Info (map "surf_dust2_2015_csgo") (file "/mnt/hlserver_extension1/27620/csgo/addons/sourcemod/logs/errors_20200208.log")
L 02/08/2020 - 21:18:34: [SM] Unable to load extension "dhooks.ext": /mnt/hlserver_extension1/27620/csgo/addons/sourcemod/extensions/dhooks.ext.so: cannot open shared object file: No such file or directory
L 02/08/2020 - 21:18:34: [SM] Failed to load plugin "upgrades/smrpg_upgrade_shrinking.smx": CS:GO models don't support scaling properly :(.
L 02/08/2020 - 21:18:34: [SM] Unable to load plugin "upgrades/smrpg_upgrade_speed.smx": Required extension "dhooks" file("dhooks.ext") not running
L 02/08/2020 - 21:18:34: [SM] Fatal error encountered parsing translation file "smrpg_cstrike.phrases.txt"
L 02/08/2020 - 21:18:34: [SM] Error (line 50, column 2): Section declared without header
L 02/08/2020 - 21:18:34: [SM] Exception reported: invalid handle 0 (error: 4)
L 02/08/2020 - 21:18:34: [SM] Blaming: SourceSleuth.smx
L 02/08/2020 - 21:18:34: [SM] Call stack trace:
L 02/08/2020 - 21:18:34: [SM]   [0] IsEndOfFile
L 02/08/2020 - 21:18:34: [SM]   [1] Line 265, SourceSleuth.sp::LoadWhiteList
L 02/08/2020 - 21:18:34: [SM]   [2] Line 86, SourceSleuth.sp::OnPluginStart
L 02/08/2020 - 21:18:34: [SM] Unable to load plugin "SourceSleuth.smx": Error detected in plugin startup (see error logs)
L 02/08/2020 - 21:18:34: [SM] Unable to load plugin "vip.smx": Could not find required plugin "ccc"
L 02/08/2020 - 21:18:34: [SM] Unable to load plugin "rockthevote.smx": Could not find required plugin "mapchooser"
L 02/08/2020 - 21:18:34: [SM] Unable to load plugin "nominations.smx": Could not find required plugin "mapchooser"
L 02/08/2020 - 21:18:34: [SM] Exception reported: Database failure: Could not find Database conf "sourcebans"
L 02/08/2020 - 21:18:34: [SM] Blaming: sourcebans.smx
L 02/08/2020 - 21:18:34: [SM] Call stack trace:
L 02/08/2020 - 21:18:34: [SM]   [0] SetFailState
L 02/08/2020 - 21:18:34: [SM]   [1] Line 209, sourcebans.sp::OnPluginStart
L 02/08/2020 - 21:18:34: [SM] Unable to load plugin "sourcebans.smx": Error detected in plugin startup (see error logs)
L 02/08/2020 - 21:18:34: [SM] Exception reported: Database failure: could not find database conf  sourcebans
L 02/08/2020 - 21:18:34: [SM] Blaming: sourcecomms.smx
L 02/08/2020 - 21:18:34: [SM] Call stack trace:
L 02/08/2020 - 21:18:34: [SM]   [0] SetFailState
L 02/08/2020 - 21:18:34: [SM]   [1] Line 221, sourcecomms.sp::OnPluginStart
L 02/08/2020 - 21:18:34: [SM] Unable to load plugin "sourcecomms.smx": Error detected in plugin startup (see error logs)
L 02/08/2020 - 21:18:34: [sb_admcfg.smx] Error(s) Detected Parsing addons/sourcemod/configs/sourcebans/sb_admin_groups.cfg
L 02/08/2020 - 21:18:34: [sb_admcfg.smx]  (line 0) Stream failed to open
L 02/08/2020 - 21:18:34: [sb_admcfg.smx] Error(s) Detected Parsing addons/sourcemod/configs/sourcebans/sb_admins.cfg
L 02/08/2020 - 21:18:34: [sb_admcfg.smx]  (line 0) Stream failed to open
L 02/08/2020 - 21:18:36: [SM] Exception reported: FATAL *** ERROR *** can not find addons/sourcemod/configs/sourcebans/sourcebans.cfg
L 02/08/2020 - 21:18:36: [SM] Blaming: sbchecker.smx
L 02/08/2020 - 21:18:36: [SM] Call stack trace:
L 02/08/2020 - 21:18:36: [SM]   [0] SetFailState
L 02/08/2020 - 21:18:36: [SM]   [1] Line 337, sbchecker.sp::ReadConfig
L 02/08/2020 - 21:18:36: [SM]   [2] Line 64, sbchecker.sp::OnMapStart
L 02/08/2020 - 21:19:49: Error log file session closed.
L 02/08/2020 - 21:19:49: SourceMod error session started
L 02/08/2020 - 21:19:49: Info (map "surf_dust2_2015_csgo") (file "/mnt/hlserver_extension1/27620/csgo/addons/sourcemod/logs/errors_20200208.log")
L 02/08/2020 - 21:19:49: [SM] Fatal error encountered parsing translation file "smrpg_cstrike.phrases.txt"
L 02/08/2020 - 21:19:49: [SM] Error (line 50, column 2): Section declared without header
L 02/08/2020 - 21:19:49: [sb_admcfg.smx] Error(s) Detected Parsing addons/sourcemod/configs/sourcebans/sb_admin_groups.cfg
L 02/08/2020 - 21:19:49: [sb_admcfg.smx]  (line 0) Stream failed to open
L 02/08/2020 - 21:19:49: [sb_admcfg.smx] Error(s) Detected Parsing addons/sourcemod/configs/sourcebans/sb_admins.cfg
L 02/08/2020 - 21:19:49: [sb_admcfg.smx]  (line 0) Stream failed to open
L 02/08/2020 - 21:19:50: [SM] Exception reported: Invalid database Handle 0 (error: 4)
L 02/08/2020 - 21:19:50: [SM] Blaming: extendedspeedmeter.smx
L 02/08/2020 - 21:19:50: [SM] Call stack trace:
L 02/08/2020 - 21:19:50: [SM]   [0] SQL_LockDatabase
L 02/08/2020 - 21:19:50: [SM]   [1] Line 3755, C:\Users\user\Desktop\scripting\extendedspeedmeter.sp::GetMapRecords
L 02/08/2020 - 21:19:50: [SM]   [2] Line 474, C:\Users\user\Desktop\scripting\extendedspeedmeter.sp::OnMapStart
L 02/08/2020 - 21:19:50: [SM] Exception reported: FATAL *** ERROR *** can not find addons/sourcemod/configs/sourcebans/sourcebans.cfg
L 02/08/2020 - 21:19:50: [SM] Blaming: sbchecker.smx
L 02/08/2020 - 21:19:50: [SM] Call stack trace:
L 02/08/2020 - 21:19:50: [SM]   [0] SetFailState
L 02/08/2020 - 21:19:50: [SM]   [1] Line 337, sbchecker.sp::ReadConfig
L 02/08/2020 - 21:19:50: [SM]   [2] Line 64, sbchecker.sp::OnMapStart
L 02/08/2020 - 21:19:50: [extendedspeedmeter.smx] Extended Speed meter: Connection to SQL database has failed: [2002]: Can't connect to local MySQL server through socket '/tmp/mysql.sock' (2)
L 02/08/2020 - 21:19:50: [extendedspeedmeter.smx] Extended Speed meter: Connection to SQL database has failed: [2002]: Can't connect to local MySQL server through socket '/tmp/mysql.sock' (2)
L 02/08/2020 - 21:19:51: [extendedspeedmeter.smx] Extended Speed meter: Connection to SQL database has failed: [2002]: Can't connect to local MySQL server through socket '/tmp/mysql.sock' (2)
L 02/08/2020 - 21:19:51: [extendedspeedmeter.smx] Extended Speed meter: Connection to SQL database has failed: [2002]: Can't connect to local MySQL server through socket '/tmp/mysql.sock' (2)
L 02/08/2020 - 21:19:51: [extendedspeedmeter.smx] Extended Speed meter: Connection to SQL database has failed: [2002]: Can't connect to local MySQL server through socket '/tmp/mysql.sock' (2)
L 02/08/2020 - 21:19:51: [extendedspeedmeter.smx] Extended Speed meter: Plugin stopped, reconnect counter reached max
L 02/08/2020 - 21:20:03: [RoundSound.smx] No team has win the round.
L 02/08/2020 - 21:23:55: [RoundSound.smx] No team has win the round.
L 02/08/2020 - 21:24:10: [RoundSound.smx] No team has win the round.
L 02/08/2020 - 21:28:48: [SM] Exception reported: Invalid database Handle 0 (error: 4)
L 02/08/2020 - 21:28:48: [SM] Blaming: extendedspeedmeter.smx
L 02/08/2020 - 21:28:48: [SM] Call stack trace:
L 02/08/2020 - 21:28:48: [SM]   [0] SQL_LockDatabase
L 02/08/2020 - 21:28:48: [SM]   [1] Line 4014, C:\Users\user\Desktop\scripting\extendedspeedmeter.sp::SaveMapRecords
L 02/08/2020 - 21:28:48: [SM]   [2] Line 489, C:\Users\user\Desktop\scripting\extendedspeedmeter.sp::OnMapEnd
L 02/08/2020 - 21:28:58: SourceMod error session started
L 02/08/2020 - 21:28:58: Info (map "surf_dust2_2015_csgo") (file "/mnt/hlserver_extension1/27620/csgo/addons/sourcemod/logs/errors_20200208.log")
L 02/08/2020 - 21:28:58: [SM] Unable to load extension "dhooks.ext": /mnt/hlserver_extension1/27620/csgo/addons/sourcemod/extensions/dhooks.ext.so: cannot open shared object file: No such file or directory
L 02/08/2020 - 21:28:58: [SM] Failed to load plugin "upgrades/smrpg_upgrade_shrinking.smx": CS:GO models don't support scaling properly :(.
L 02/08/2020 - 21:28:58: [SM] Unable to load plugin "upgrades/smrpg_upgrade_speed.smx": Required extension "dhooks" file("dhooks.ext") not running
L 02/08/2020 - 21:28:58: [SM] Fatal error encountered parsing translation file "smrpg_cstrike.phrases.txt"
L 02/08/2020 - 21:28:58: [SM] Error (line 50, column 2): Section declared without header
L 02/08/2020 - 21:28:58: [SM] Exception reported: invalid handle 0 (error: 4)
L 02/08/2020 - 21:28:58: [SM] Blaming: SourceSleuth.smx
L 02/08/2020 - 21:28:58: [SM] Call stack trace:
L 02/08/2020 - 21:28:58: [SM]   [0] IsEndOfFile
L 02/08/2020 - 21:28:58: [SM]   [1] Line 265, SourceSleuth.sp::LoadWhiteList
L 02/08/2020 - 21:28:58: [SM]   [2] Line 86, SourceSleuth.sp::OnPluginStart
L 02/08/2020 - 21:28:58: [SM] Unable to load plugin "SourceSleuth.smx": Error detected in plugin startup (see error logs)
L 02/08/2020 - 21:28:58: [SM] Unable to load plugin "vip.smx": Could not find required plugin "ccc"
L 02/08/2020 - 21:28:58: [SM] Unable to load plugin "rockthevote.smx": Could not find required plugin "mapchooser"
L 02/08/2020 - 21:28:58: [SM] Unable to load plugin "nominations.smx": Could not find required plugin "mapchooser"
L 02/08/2020 - 21:28:58: [SM] Exception reported: Database failure: Could not find Database conf "sourcebans"
L 02/08/2020 - 21:28:58: [SM] Blaming: sourcebans.smx
L 02/08/2020 - 21:28:58: [SM] Call stack trace:
L 02/08/2020 - 21:28:58: [SM]   [0] SetFailState
L 02/08/2020 - 21:28:58: [SM]   [1] Line 209, sourcebans.sp::OnPluginStart
L 02/08/2020 - 21:28:58: [SM] Unable to load plugin "sourcebans.smx": Error detected in plugin startup (see error logs)
L 02/08/2020 - 21:28:58: [SM] Exception reported: Database failure: could not find database conf  sourcebans
L 02/08/2020 - 21:28:58: [SM] Blaming: sourcecomms.smx
L 02/08/2020 - 21:28:58: [SM] Call stack trace:
L 02/08/2020 - 21:28:58: [SM]   [0] SetFailState
L 02/08/2020 - 21:28:58: [SM]   [1] Line 221, sourcecomms.sp::OnPluginStart
L 02/08/2020 - 21:28:58: [SM] Unable to load plugin "sourcecomms.smx": Error detected in plugin startup (see error logs)
L 02/08/2020 - 21:28:58: [sb_admcfg.smx] Error(s) Detected Parsing addons/sourcemod/configs/sourcebans/sb_admin_groups.cfg
L 02/08/2020 - 21:28:58: [sb_admcfg.smx]  (line 0) Stream failed to open
L 02/08/2020 - 21:28:58: [sb_admcfg.smx] Error(s) Detected Parsing addons/sourcemod/configs/sourcebans/sb_admins.cfg
L 02/08/2020 - 21:28:58: [sb_admcfg.smx]  (line 0) Stream failed to open
L 02/08/2020 - 21:28:59: [SM] Exception reported: FATAL *** ERROR *** can not find addons/sourcemod/configs/sourcebans/sourcebans.cfg
L 02/08/2020 - 21:28:59: [SM] Blaming: sbchecker.smx
L 02/08/2020 - 21:28:59: [SM] Call stack trace:
L 02/08/2020 - 21:28:59: [SM]   [0] SetFailState
L 02/08/2020 - 21:28:59: [SM]   [1] Line 337, sbchecker.sp::ReadConfig
L 02/08/2020 - 21:28:59: [SM]   [2] Line 64, sbchecker.sp::OnMapStart
L 02/08/2020 - 21:29:23: Error log file session closed.
L 02/08/2020 - 21:29:23: SourceMod error session started
L 02/08/2020 - 21:29:23: Info (map "surf_dust2_2015_csgo") (file "/mnt/hlserver_extension1/27620/csgo/addons/sourcemod/logs/errors_20200208.log")
L 02/08/2020 - 21:29:23: [SM] Fatal error encountered parsing translation file "smrpg_cstrike.phrases.txt"
L 02/08/2020 - 21:29:23: [SM] Error (line 50, column 2): Section declared without header
L 02/08/2020 - 21:29:23: [sb_admcfg.smx] Error(s) Detected Parsing addons/sourcemod/configs/sourcebans/sb_admin_groups.cfg
L 02/08/2020 - 21:29:23: [sb_admcfg.smx]  (line 0) Stream failed to open
L 02/08/2020 - 21:29:23: [sb_admcfg.smx] Error(s) Detected Parsing addons/sourcemod/configs/sourcebans/sb_admins.cfg
L 02/08/2020 - 21:29:23: [sb_admcfg.smx]  (line 0) Stream failed to open
L 02/08/2020 - 21:29:24: [SM] Exception reported: Invalid database Handle 0 (error: 4)
L 02/08/2020 - 21:29:24: [SM] Blaming: extendedspeedmeter.smx
L 02/08/2020 - 21:29:24: [SM] Call stack trace:
L 02/08/2020 - 21:29:24: [SM]   [0] SQL_LockDatabase
L 02/08/2020 - 21:29:24: [SM]   [1] Line 3755, C:\Users\user\Desktop\scripting\extendedspeedmeter.sp::GetMapRecords
L 02/08/2020 - 21:29:24: [SM]   [2] Line 474, C:\Users\user\Desktop\scripting\extendedspeedmeter.sp::OnMapStart
L 02/08/2020 - 21:29:24: [SM] Exception reported: FATAL *** ERROR *** can not find addons/sourcemod/configs/sourcebans/sourcebans.cfg
L 02/08/2020 - 21:29:24: [SM] Blaming: sbchecker.smx
L 02/08/2020 - 21:29:24: [SM] Call stack trace:
L 02/08/2020 - 21:29:24: [SM]   [0] SetFailState
L 02/08/2020 - 21:29:24: [SM]   [1] Line 337, sbchecker.sp::ReadConfig
L 02/08/2020 - 21:29:24: [SM]   [2] Line 64, sbchecker.sp::OnMapStart
L 02/08/2020 - 21:29:24: [extendedspeedmeter.smx] Extended Speed meter: Connection to SQL database has failed: [2002]: Can't connect to local MySQL server through socket '/tmp/mysql.sock' (2)
L 02/08/2020 - 21:29:24: [extendedspeedmeter.smx] Extended Speed meter: Connection to SQL database has failed: [2002]: Can't connect to local MySQL server through socket '/tmp/mysql.sock' (2)
L 02/08/2020 - 21:29:24: [extendedspeedmeter.smx] Extended Speed meter: Connection to SQL database has failed: [2002]: Can't connect to local MySQL server through socket '/tmp/mysql.sock' (2)
L 02/08/2020 - 21:29:24: [extendedspeedmeter.smx] Extended Speed meter: Connection to SQL database has failed: [2002]: Can't connect to local MySQL server through socket '/tmp/mysql.sock' (2)
L 02/08/2020 - 21:29:24: [extendedspeedmeter.smx] Extended Speed meter: Connection to SQL database has failed: [2002]: Can't connect to local MySQL server through socket '/tmp/mysql.sock' (2)
L 02/08/2020 - 21:29:24: [extendedspeedmeter.smx] Extended Speed meter: Plugin stopped, reconnect counter reached max
L 02/08/2020 - 21:29:37: [RoundSound.smx] No team has win the round.
L 02/08/2020 - 21:30:17: [SM] Exception reported: Language phrase "Gamesites Commands" not found (arg 6)
L 02/08/2020 - 21:30:17: [SM] Blaming: adminmenu.smx
L 02/08/2020 - 21:30:17: [SM] Call stack trace:
L 02/08/2020 - 21:30:17: [SM]   [0] Format
L 02/08/2020 - 21:30:17: [SM]   [1] Line 166, C:\Users\user\Desktop\scripting\adminmenu.sp::DefaultCategoryHandler
L 02/08/2020 - 21:30:17: [SM]   [3] TopMenu.Display
L 02/08/2020 - 21:30:17: [SM]   [4] Line 205, C:\Users\user\Desktop\scripting\adminmenu.sp::Command_DisplayMenu
L 02/08/2020 - 21:30:39: [SM] Exception reported: String formatted incorrectly - parameter 9 (total 8)
L 02/08/2020 - 21:30:39: [SM] Blaming: smrpg.smx
L 02/08/2020 - 21:30:39: [SM] Call stack trace:
L 02/08/2020 - 21:30:39: [SM]   [0] LogAction
L 02/08/2020 - 21:30:39: [SM]   [1] Line 992, smrpg/smrpg_adminmenu.sp::Menu_HandlePlayerUpgradeLevelAdd
L 02/08/2020 - 21:32:44: [SM] Exception reported: Invalid database Handle 0 (error: 4)
L 02/08/2020 - 21:32:44: [SM] Blaming: extendedspeedmeter.smx
L 02/08/2020 - 21:32:44: [SM] Call stack trace:
L 02/08/2020 - 21:32:44: [SM]   [0] SQL_LockDatabase
L 02/08/2020 - 21:32:44: [SM]   [1] Line 4014, C:\Users\user\Desktop\scripting\extendedspeedmeter.sp::SaveMapRecords
L 02/08/2020 - 21:32:44: [SM]   [2] Line 489, C:\Users\user\Desktop\scripting\extendedspeedmeter.sp::OnMapEnd
L 02/08/2020 - 21:32:45: Error log file session closed.
L 02/08/2020 - 21:32:55: SourceMod error session started
L 02/08/2020 - 21:32:55: Info (map "surf_dust2_2015_csgo") (file "/mnt/hlserver_extension1/27620/csgo/addons/sourcemod/logs/errors_20200208.log")
L 02/08/2020 - 21:32:55: [SM] Unable to load extension "dhooks.ext": /mnt/hlserver_extension1/27620/csgo/addons/sourcemod/extensions/dhooks.ext.so: cannot open shared object file: No such file or directory
L 02/08/2020 - 21:32:55: [SM] Failed to load plugin "upgrades/smrpg_upgrade_shrinking.smx": CS:GO models don't support scaling properly :(.
L 02/08/2020 - 21:32:55: [SM] Unable to load plugin "upgrades/smrpg_upgrade_speed.smx": Required extension "dhooks" file("dhooks.ext") not running
L 02/08/2020 - 21:32:55: [SM] Fatal error encountered parsing translation file "smrpg_cstrike.phrases.txt"
L 02/08/2020 - 21:32:55: [SM] Error (line 50, column 2): Section declared without header
L 02/08/2020 - 21:32:55: [SM] Exception reported: invalid handle 0 (error: 4)
L 02/08/2020 - 21:32:55: [SM] Blaming: SourceSleuth.smx
L 02/08/2020 - 21:32:55: [SM] Call stack trace:
L 02/08/2020 - 21:32:55: [SM]   [0] IsEndOfFile
L 02/08/2020 - 21:32:55: [SM]   [1] Line 265, SourceSleuth.sp::LoadWhiteList
L 02/08/2020 - 21:32:55: [SM]   [2] Line 86, SourceSleuth.sp::OnPluginStart
L 02/08/2020 - 21:32:55: [SM] Unable to load plugin "SourceSleuth.smx": Error detected in plugin startup (see error logs)
L 02/08/2020 - 21:32:55: [SM] Unable to load plugin "vip.smx": Could not find required plugin "ccc"
L 02/08/2020 - 21:32:55: [SM] Unable to load plugin "rockthevote.smx": Could not find required plugin "mapchooser"
L 02/08/2020 - 21:32:55: [SM] Unable to load plugin "nominations.smx": Could not find required plugin "mapchooser"
L 02/08/2020 - 21:32:55: [SM] Exception reported: Database failure: Could not find Database conf "sourcebans"
L 02/08/2020 - 21:32:55: [SM] Blaming: sourcebans.smx
L 02/08/2020 - 21:32:55: [SM] Call stack trace:
L 02/08/2020 - 21:32:55: [SM]   [0] SetFailState
L 02/08/2020 - 21:32:55: [SM]   [1] Line 209, sourcebans.sp::OnPluginStart
L 02/08/2020 - 21:32:55: [SM] Unable to load plugin "sourcebans.smx": Error detected in plugin startup (see error logs)
L 02/08/2020 - 21:32:55: [SM] Exception reported: Database failure: could not find database conf  sourcebans
L 02/08/2020 - 21:32:55: [SM] Blaming: sourcecomms.smx
L 02/08/2020 - 21:32:55: [SM] Call stack trace:
L 02/08/2020 - 21:32:55: [SM]   [0] SetFailState
L 02/08/2020 - 21:32:55: [SM]   [1] Line 221, sourcecomms.sp::OnPluginStart
L 02/08/2020 - 21:32:55: [SM] Unable to load plugin "sourcecomms.smx": Error detected in plugin startup (see error logs)
L 02/08/2020 - 21:32:55: [sb_admcfg.smx] Error(s) Detected Parsing addons/sourcemod/configs/sourcebans/sb_admin_groups.cfg
L 02/08/2020 - 21:32:55: [sb_admcfg.smx]  (line 0) Stream failed to open
L 02/08/2020 - 21:32:55: [sb_admcfg.smx] Error(s) Detected Parsing addons/sourcemod/configs/sourcebans/sb_admins.cfg
L 02/08/2020 - 21:32:55: [sb_admcfg.smx]  (line 0) Stream failed to open
L 02/08/2020 - 21:32:57: [SM] Exception reported: FATAL *** ERROR *** can not find addons/sourcemod/configs/sourcebans/sourcebans.cfg
L 02/08/2020 - 21:32:57: [SM] Blaming: sbchecker.smx
L 02/08/2020 - 21:32:57: [SM] Call stack trace:
L 02/08/2020 - 21:32:57: [SM]   [0] SetFailState
L 02/08/2020 - 21:32:57: [SM]   [1] Line 337, sbchecker.sp::ReadConfig
L 02/08/2020 - 21:32:57: [SM]   [2] Line 64, sbchecker.sp::OnMapStart
L 02/08/2020 - 21:33:10: [extendedspeedmeter.smx] Extended Speed meter: Connection to SQL database has failed: [2002]: Can't connect to local MySQL server through socket '/tmp/mysql.sock' (2)
L 02/08/2020 - 21:33:11: Error log file session closed.
L 02/08/2020 - 21:33:11: SourceMod error session started
L 02/08/2020 - 21:33:11: Info (map "surf_dust2_2015_csgo") (file "/mnt/hlserver_extension1/27620/csgo/addons/sourcemod/logs/errors_20200208.log")
L 02/08/2020 - 21:33:11: [SM] Fatal error encountered parsing translation file "smrpg_cstrike.phrases.txt"
L 02/08/2020 - 21:33:11: [SM] Error (line 50, column 2): Section declared without header
L 02/08/2020 - 21:33:11: [sb_admcfg.smx] Error(s) Detected Parsing addons/sourcemod/configs/sourcebans/sb_admin_groups.cfg
L 02/08/2020 - 21:33:11: [sb_admcfg.smx]  (line 0) Stream failed to open
L 02/08/2020 - 21:33:11: [sb_admcfg.smx] Error(s) Detected Parsing addons/sourcemod/configs/sourcebans/sb_admins.cfg
L 02/08/2020 - 21:33:11: [sb_admcfg.smx]  (line 0) Stream failed to open
L 02/08/2020 - 21:33:12: [SM] Exception reported: Invalid database Handle 0 (error: 4)
L 02/08/2020 - 21:33:12: [SM] Blaming: extendedspeedmeter.smx
L 02/08/2020 - 21:33:12: [SM] Call stack trace:
L 02/08/2020 - 21:33:12: [SM]   [0] SQL_LockDatabase
L 02/08/2020 - 21:33:12: [SM]   [1] Line 3755, C:\Users\user\Desktop\scripting\extendedspeedmeter.sp::GetMapRecords
L 02/08/2020 - 21:33:12: [SM]   [2] Line 474, C:\Users\user\Desktop\scripting\extendedspeedmeter.sp::OnMapStart
L 02/08/2020 - 21:33:12: [SM] Exception reported: FATAL *** ERROR *** can not find addons/sourcemod/configs/sourcebans/sourcebans.cfg
L 02/08/2020 - 21:33:12: [SM] Blaming: sbchecker.smx
L 02/08/2020 - 21:33:12: [SM] Call stack trace:
L 02/08/2020 - 21:33:12: [SM]   [0] SetFailState
L 02/08/2020 - 21:33:12: [SM]   [1] Line 337, sbchecker.sp::ReadConfig
L 02/08/2020 - 21:33:12: [SM]   [2] Line 64, sbchecker.sp::OnMapStart
L 02/08/2020 - 21:33:12: [extendedspeedmeter.smx] Extended Speed meter: Connection to SQL database has failed: [2002]: Can't connect to local MySQL server through socket '/tmp/mysql.sock' (2)
L 02/08/2020 - 21:33:12: [extendedspeedmeter.smx] Extended Speed meter: Connection to SQL database has failed: [2002]: Can't connect to local MySQL server through socket '/tmp/mysql.sock' (2)
L 02/08/2020 - 21:33:12: [extendedspeedmeter.smx] Extended Speed meter: Connection to SQL database has failed: [2002]: Can't connect to local MySQL server through socket '/tmp/mysql.sock' (2)
L 02/08/2020 - 21:33:12: [extendedspeedmeter.smx] Extended Speed meter: Connection to SQL database has failed: [2002]: Can't connect to local MySQL server through socket '/tmp/mysql.sock' (2)
L 02/08/2020 - 21:33:12: [extendedspeedmeter.smx] Extended Speed meter: Plugin stopped, reconnect counter reached max
L 02/08/2020 - 21:33:20: [RoundSound.smx] No team has win the round.
L 02/08/2020 - 21:35:04: [SM] Exception reported: Invalid database Handle 0 (error: 4)
L 02/08/2020 - 21:35:04: [SM] Blaming: extendedspeedmeter.smx
L 02/08/2020 - 21:35:04: [SM] Call stack trace:
L 02/08/2020 - 21:35:04: [SM]   [0] SQL_LockDatabase
L 02/08/2020 - 21:35:04: [SM]   [1] Line 4014, C:\Users\user\Desktop\scripting\extendedspeedmeter.sp::SaveMapRecords
L 02/08/2020 - 21:35:04: [SM]   [2] Line 489, C:\Users\user\Desktop\scripting\extendedspeedmeter.sp::OnMapEnd
L 02/08/2020 - 21:35:05: Error log file session closed.
L 02/08/2020 - 21:35:14: SourceMod error session started
L 02/08/2020 - 21:35:14: Info (map "surf_dust2_2015_csgo") (file "/mnt/hlserver_extension1/27620/csgo/addons/sourcemod/logs/errors_20200208.log")
L 02/08/2020 - 21:35:14: [SM] Unable to load extension "dhooks.ext": /mnt/hlserver_extension1/27620/csgo/addons/sourcemod/extensions/dhooks.ext.so: cannot open shared object file: No such file or directory
L 02/08/2020 - 21:35:14: [SM] Failed to load plugin "upgrades/smrpg_upgrade_shrinking.smx": CS:GO models don't support scaling properly :(.
L 02/08/2020 - 21:35:14: [SM] Unable to load plugin "upgrades/smrpg_upgrade_speed.smx": Required extension "dhooks" file("dhooks.ext") not running
L 02/08/2020 - 21:35:14: [SM] Fatal error encountered parsing translation file "smrpg_cstrike.phrases.txt"
L 02/08/2020 - 21:35:14: [SM] Error (line 50, column 2): Section declared without header
L 02/08/2020 - 21:35:14: [SM] Exception reported: invalid handle 0 (error: 4)
L 02/08/2020 - 21:35:14: [SM] Blaming: SourceSleuth.smx
L 02/08/2020 - 21:35:14: [SM] Call stack trace:
L 02/08/2020 - 21:35:14: [SM]   [0] IsEndOfFile
L 02/08/2020 - 21:35:14: [SM]   [1] Line 265, SourceSleuth.sp::LoadWhiteList
L 02/08/2020 - 21:35:14: [SM]   [2] Line 86, SourceSleuth.sp::OnPluginStart
L 02/08/2020 - 21:35:14: [SM] Unable to load plugin "SourceSleuth.smx": Error detected in plugin startup (see error logs)
L 02/08/2020 - 21:35:14: [SM] Unable to load plugin "vip.smx": Could not find required plugin "ccc"
L 02/08/2020 - 21:35:14: [SM] Unable to load plugin "rockthevote.smx": Could not find required plugin "mapchooser"
L 02/08/2020 - 21:35:14: [SM] Unable to load plugin "nominations.smx": Could not find required plugin "mapchooser"
L 02/08/2020 - 21:35:14: [SM] Exception reported: Database failure: Could not find Database conf "sourcebans"
L 02/08/2020 - 21:35:14: [SM] Blaming: sourcebans.smx
L 02/08/2020 - 21:35:14: [SM] Call stack trace:
L 02/08/2020 - 21:35:14: [SM]   [0] SetFailState
L 02/08/2020 - 21:35:14: [SM]   [1] Line 209, sourcebans.sp::OnPluginStart
L 02/08/2020 - 21:35:14: [SM] Unable to load plugin "sourcebans.smx": Error detected in plugin startup (see error logs)
L 02/08/2020 - 21:35:14: [SM] Exception reported: Database failure: could not find database conf  sourcebans
L 02/08/2020 - 21:35:14: [SM] Blaming: sourcecomms.smx
L 02/08/2020 - 21:35:14: [SM] Call stack trace:
L 02/08/2020 - 21:35:14: [SM]   [0] SetFailState
L 02/08/2020 - 21:35:14: [SM]   [1] Line 221, sourcecomms.sp::OnPluginStart
L 02/08/2020 - 21:35:14: [SM] Unable to load plugin "sourcecomms.smx": Error detected in plugin startup (see error logs)
L 02/08/2020 - 21:35:14: [sb_admcfg.smx] Error(s) Detected Parsing addons/sourcemod/configs/sourcebans/sb_admin_groups.cfg
L 02/08/2020 - 21:35:14: [sb_admcfg.smx]  (line 0) Stream failed to open
L 02/08/2020 - 21:35:14: [sb_admcfg.smx] Error(s) Detected Parsing addons/sourcemod/configs/sourcebans/sb_admins.cfg
L 02/08/2020 - 21:35:14: [sb_admcfg.smx]  (line 0) Stream failed to open
L 02/08/2020 - 21:35:15: [SM] Exception reported: FATAL *** ERROR *** can not find addons/sourcemod/configs/sourcebans/sourcebans.cfg
L 02/08/2020 - 21:35:15: [SM] Blaming: sbchecker.smx
L 02/08/2020 - 21:35:15: [SM] Call stack trace:
L 02/08/2020 - 21:35:15: [SM]   [0] SetFailState
L 02/08/2020 - 21:35:15: [SM]   [1] Line 337, sbchecker.sp::ReadConfig
L 02/08/2020 - 21:35:15: [SM]   [2] Line 64, sbchecker.sp::OnMapStart
L 02/08/2020 - 21:36:47: Error log file session closed.
L 02/08/2020 - 21:36:47: SourceMod error session started
L 02/08/2020 - 21:36:47: Info (map "surf_dust2_2015_csgo") (file "/mnt/hlserver_extension1/27620/csgo/addons/sourcemod/logs/errors_20200208.log")
L 02/08/2020 - 21:36:47: [SM] Fatal error encountered parsing translation file "smrpg_cstrike.phrases.txt"
L 02/08/2020 - 21:36:47: [SM] Error (line 50, column 2): Section declared without header
L 02/08/2020 - 21:36:47: [sb_admcfg.smx] Error(s) Detected Parsing addons/sourcemod/configs/sourcebans/sb_admin_groups.cfg
L 02/08/2020 - 21:36:47: [sb_admcfg.smx]  (line 0) Stream failed to open
L 02/08/2020 - 21:36:47: [sb_admcfg.smx] Error(s) Detected Parsing addons/sourcemod/configs/sourcebans/sb_admins.cfg
L 02/08/2020 - 21:36:47: [sb_admcfg.smx]  (line 0) Stream failed to open
L 02/08/2020 - 21:36:49: [SM] Exception reported: Invalid database Handle 0 (error: 4)
L 02/08/2020 - 21:36:49: [SM] Blaming: extendedspeedmeter.smx
L 02/08/2020 - 21:36:49: [SM] Call stack trace:
L 02/08/2020 - 21:36:49: [SM]   [0] SQL_LockDatabase
L 02/08/2020 - 21:36:49: [SM]   [1] Line 3755, C:\Users\user\Desktop\scripting\extendedspeedmeter.sp::GetMapRecords
L 02/08/2020 - 21:36:49: [SM]   [2] Line 474, C:\Users\user\Desktop\scripting\extendedspeedmeter.sp::OnMapStart
L 02/08/2020 - 21:36:49: [SM] Exception reported: FATAL *** ERROR *** can not find addons/sourcemod/configs/sourcebans/sourcebans.cfg
L 02/08/2020 - 21:36:49: [SM] Blaming: sbchecker.smx
L 02/08/2020 - 21:36:49: [SM] Call stack trace:
L 02/08/2020 - 21:36:49: [SM]   [0] SetFailState
L 02/08/2020 - 21:36:49: [SM]   [1] Line 337, sbchecker.sp::ReadConfig
L 02/08/2020 - 21:36:49: [SM]   [2] Line 64, sbchecker.sp::OnMapStart
L 02/08/2020 - 21:36:49: [extendedspeedmeter.smx] Extended Speed meter: Connection to SQL database has failed: [2002]: Can't connect to local MySQL server through socket '/tmp/mysql.sock' (2)
L 02/08/2020 - 21:36:49: [extendedspeedmeter.smx] Extended Speed meter: Connection to SQL database has failed: [2002]: Can't connect to local MySQL server through socket '/tmp/mysql.sock' (2)
L 02/08/2020 - 21:36:49: [extendedspeedmeter.smx] Extended Speed meter: Connection to SQL database has failed: [2002]: Can't connect to local MySQL server through socket '/tmp/mysql.sock' (2)
L 02/08/2020 - 21:36:49: [extendedspeedmeter.smx] Extended Speed meter: Connection to SQL database has failed: [2002]: Can't connect to local MySQL server through socket '/tmp/mysql.sock' (2)
L 02/08/2020 - 21:36:49: [extendedspeedmeter.smx] Extended Speed meter: Connection to SQL database has failed: [2002]: Can't connect to local MySQL server through socket '/tmp/mysql.sock' (2)
L 02/08/2020 - 21:36:49: [extendedspeedmeter.smx] Extended Speed meter: Plugin stopped, reconnect counter reached max
L 02/08/2020 - 21:36:56: [RoundSound.smx] No team has win the round.
L 02/08/2020 - 21:47:45: [SM] Exception reported: Invalid database Handle 0 (error: 4)
L 02/08/2020 - 21:47:45: [SM] Blaming: extendedspeedmeter.smx
L 02/08/2020 - 21:47:45: [SM] Call stack trace:
L 02/08/2020 - 21:47:45: [SM]   [0] SQL_LockDatabase
L 02/08/2020 - 21:47:45: [SM]   [1] Line 4014, C:\Users\user\Desktop\scripting\extendedspeedmeter.sp::SaveMapRecords
L 02/08/2020 - 21:47:45: [SM]   [2] Line 489, C:\Users\user\Desktop\scripting\extendedspeedmeter.sp::OnMapEnd
L 02/08/2020 - 21:47:45: Error log file session closed.
L 02/08/2020 - 21:47:56: SourceMod error session started
L 02/08/2020 - 21:47:56: Info (map "surf_dust2_2015_csgo") (file "/mnt/hlserver_extension1/27620/csgo/addons/sourcemod/logs/errors_20200208.log")
L 02/08/2020 - 21:47:56: [SM] Unable to load extension "dhooks.ext": /mnt/hlserver_extension1/27620/csgo/addons/sourcemod/extensions/dhooks.ext.so: cannot open shared object file: No such file or directory
L 02/08/2020 - 21:47:56: [SM] Failed to load plugin "upgrades/smrpg_upgrade_shrinking.smx": CS:GO models don't support scaling properly :(.
L 02/08/2020 - 21:47:56: [SM] Unable to load plugin "upgrades/smrpg_upgrade_speed.smx": Required extension "dhooks" file("dhooks.ext") not running
L 02/08/2020 - 21:47:56: [SM] Fatal error encountered parsing translation file "smrpg_cstrike.phrases.txt"
L 02/08/2020 - 21:47:56: [SM] Error (line 50, column 2): Section declared without header
L 02/08/2020 - 21:47:56: [SM] Exception reported: invalid handle 0 (error: 4)
L 02/08/2020 - 21:47:56: [SM] Blaming: SourceSleuth.smx
L 02/08/2020 - 21:47:56: [SM] Call stack trace:
L 02/08/2020 - 21:47:56: [SM]   [0] IsEndOfFile
L 02/08/2020 - 21:47:56: [SM]   [1] Line 265, SourceSleuth.sp::LoadWhiteList
L 02/08/2020 - 21:47:56: [SM]   [2] Line 86, SourceSleuth.sp::OnPluginStart
L 02/08/2020 - 21:47:56: [SM] Unable to load plugin "SourceSleuth.smx": Error detected in plugin startup (see error logs)
L 02/08/2020 - 21:47:56: [SM] Unable to load plugin "vip.smx": Could not find required plugin "ccc"
L 02/08/2020 - 21:47:56: [SM] Unable to load plugin "rockthevote.smx": Could not find required plugin "mapchooser"
L 02/08/2020 - 21:47:56: [SM] Unable to load plugin "nominations.smx": Could not find required plugin "mapchooser"
L 02/08/2020 - 21:47:56: [SM] Exception reported: Database failure: Could not find Database conf "sourcebans"
L 02/08/2020 - 21:47:56: [SM] Blaming: sourcebans.smx
L 02/08/2020 - 21:47:56: [SM] Call stack trace:
L 02/08/2020 - 21:47:56: [SM]   [0] SetFailState
L 02/08/2020 - 21:47:56: [SM]   [1] Line 209, sourcebans.sp::OnPluginStart
L 02/08/2020 - 21:47:56: [SM] Unable to load plugin "sourcebans.smx": Error detected in plugin startup (see error logs)
L 02/08/2020 - 21:47:56: [SM] Exception reported: Database failure: could not find database conf  sourcebans
L 02/08/2020 - 21:47:56: [SM] Blaming: sourcecomms.smx
L 02/08/2020 - 21:47:56: [SM] Call stack trace:
L 02/08/2020 - 21:47:56: [SM]   [0] SetFailState
L 02/08/2020 - 21:47:56: [SM]   [1] Line 221, sourcecomms.sp::OnPluginStart
L 02/08/2020 - 21:47:56: [SM] Unable to load plugin "sourcecomms.smx": Error detected in plugin startup (see error logs)
L 02/08/2020 - 21:47:56: [sb_admcfg.smx] Error(s) Detected Parsing addons/sourcemod/configs/sourcebans/sb_admin_groups.cfg
L 02/08/2020 - 21:47:56: [sb_admcfg.smx]  (line 0) Stream failed to open
L 02/08/2020 - 21:47:56: [sb_admcfg.smx] Error(s) Detected Parsing addons/sourcemod/configs/sourcebans/sb_admins.cfg
L 02/08/2020 - 21:47:56: [sb_admcfg.smx]  (line 0) Stream failed to open
L 02/08/2020 - 21:47:57: [SM] Exception reported: FATAL *** ERROR *** can not find addons/sourcemod/configs/sourcebans/sourcebans.cfg
L 02/08/2020 - 21:47:57: [SM] Blaming: sbchecker.smx
L 02/08/2020 - 21:47:57: [SM] Call stack trace:
L 02/08/2020 - 21:47:57: [SM]   [0] SetFailState
L 02/08/2020 - 21:47:57: [SM]   [1] Line 337, sbchecker.sp::ReadConfig
L 02/08/2020 - 21:47:57: [SM]   [2] Line 64, sbchecker.sp::OnMapStart
