L 02/05/2020 - 06:26:52: SourceMod error session started
L 02/05/2020 - 06:26:52: Info (map "surf_dust2_2015_csgo") (file "/mnt/hlserver_extension1/27620/csgo/addons/sourcemod/logs/errors_20200205.log")
L 02/05/2020 - 06:26:52: [SM] Unable to load extension "dhooks.ext": /mnt/hlserver_extension1/27620/csgo/addons/sourcemod/extensions/dhooks.ext.so: cannot open shared object file: No such file or directory
L 02/05/2020 - 06:26:52: [SM] Failed to load plugin "upgrades/smrpg_upgrade_shrinking.smx": CS:GO models don't support scaling properly :(.
L 02/05/2020 - 06:26:52: [SM] Unable to load plugin "upgrades/smrpg_upgrade_speed.smx": Required extension "dhooks" file("dhooks.ext") not running
L 02/05/2020 - 06:26:52: [SM] Fatal error encountered parsing translation file "smrpg_cstrike.phrases.txt"
L 02/05/2020 - 06:26:52: [SM] Error (line 50, column 2): Section declared without header
L 02/05/2020 - 06:26:52: [SM] Exception reported: invalid handle 0 (error: 4)
L 02/05/2020 - 06:26:52: [SM] Blaming: SourceSleuth.smx
L 02/05/2020 - 06:26:52: [SM] Call stack trace:
L 02/05/2020 - 06:26:52: [SM]   [0] IsEndOfFile
L 02/05/2020 - 06:26:52: [SM]   [1] Line 265, SourceSleuth.sp::LoadWhiteList
L 02/05/2020 - 06:26:52: [SM]   [2] Line 86, SourceSleuth.sp::OnPluginStart
L 02/05/2020 - 06:26:52: [SM] Unable to load plugin "SourceSleuth.smx": Error detected in plugin startup (see error logs)
L 02/05/2020 - 06:26:52: [SM] Unable to load plugin "rockthevote.smx": Could not find required plugin "mapchooser"
L 02/05/2020 - 06:26:52: [SM] Unable to load plugin "nominations.smx": Could not find required plugin "mapchooser"
L 02/05/2020 - 06:26:52: [SM] Exception reported: Database failure: Could not find Database conf "sourcebans"
L 02/05/2020 - 06:26:52: [SM] Blaming: sourcebans.smx
L 02/05/2020 - 06:26:52: [SM] Call stack trace:
L 02/05/2020 - 06:26:52: [SM]   [0] SetFailState
L 02/05/2020 - 06:26:52: [SM]   [1] Line 209, sourcebans.sp::OnPluginStart
L 02/05/2020 - 06:26:52: [SM] Unable to load plugin "sourcebans.smx": Error detected in plugin startup (see error logs)
L 02/05/2020 - 06:26:52: [SM] Exception reported: Database failure: could not find database conf  sourcebans
L 02/05/2020 - 06:26:52: [SM] Blaming: sourcecomms.smx
L 02/05/2020 - 06:26:52: [SM] Call stack trace:
L 02/05/2020 - 06:26:52: [SM]   [0] SetFailState
L 02/05/2020 - 06:26:52: [SM]   [1] Line 221, sourcecomms.sp::OnPluginStart
L 02/05/2020 - 06:26:52: [SM] Unable to load plugin "sourcecomms.smx": Error detected in plugin startup (see error logs)
L 02/05/2020 - 06:26:52: [sb_admcfg.smx] Error(s) Detected Parsing addons/sourcemod/configs/sourcebans/sb_admin_groups.cfg
L 02/05/2020 - 06:26:52: [sb_admcfg.smx]  (line 0) Stream failed to open
L 02/05/2020 - 06:26:52: [sb_admcfg.smx] Error(s) Detected Parsing addons/sourcemod/configs/sourcebans/sb_admins.cfg
L 02/05/2020 - 06:26:52: [sb_admcfg.smx]  (line 0) Stream failed to open
L 02/05/2020 - 06:26:54: [SM] Exception reported: FATAL *** ERROR *** can not find addons/sourcemod/configs/sourcebans/sourcebans.cfg
L 02/05/2020 - 06:26:54: [SM] Blaming: sbchecker.smx
L 02/05/2020 - 06:26:54: [SM] Call stack trace:
L 02/05/2020 - 06:26:54: [SM]   [0] SetFailState
L 02/05/2020 - 06:26:54: [SM]   [1] Line 337, sbchecker.sp::ReadConfig
L 02/05/2020 - 06:26:54: [SM]   [2] Line 64, sbchecker.sp::OnMapStart
