L 02/02/2020 - 00:22:36: SourceMod log file session started (file "/mnt/hlserver_extension1/27620/csgo/addons/sourcemod/logs/L20200202.log") (Version "1.10.0.6459")
L 02/02/2020 - 00:22:36: -------- Mapchange to surf_dust2_2015_csgo --------
L 02/02/2020 - 00:22:37: [anticamp.smx] addons/sourcemod/configs/anticamp_csgo_weapons.cfg not parsed...file doesn't exist! Using sm_anticamp_camptime
L 02/02/2020 - 00:24:24: [smrpg.smx] Fᴀɴʏ<3><STEAM_1:0:147823631><> permanently reset all stats of player Fᴀɴʏ<3><STEAM_1:0:147823631><>.
L 02/02/2020 - 00:50:30: SourceMod log file session started (file "/mnt/hlserver_extension1/27620/csgo/addons/sourcemod/logs/L20200202.log") (Version "1.10.0.6459")
L 02/02/2020 - 00:50:30: [anticamp.smx] addons/sourcemod/configs/anticamp_csgo_weapons.cfg not parsed...file doesn't exist! Using sm_anticamp_camptime
L 02/02/2020 - 00:50:36: -------- Mapchange to surf_dust2_2015_csgo --------
L 02/02/2020 - 00:50:37: [anticamp.smx] addons/sourcemod/configs/anticamp_csgo_weapons.cfg not parsed...file doesn't exist! Using sm_anticamp_camptime
L 02/02/2020 - 01:03:10: Log file closed.
L 02/02/2020 - 01:03:18: SourceMod log file session started (file "/mnt/hlserver_extension1/27620/csgo/addons/sourcemod/logs/L20200202.log") (Version "1.10.0.6459")
L 02/02/2020 - 01:03:18: [anticamp.smx] addons/sourcemod/configs/anticamp_csgo_weapons.cfg not parsed...file doesn't exist! Using sm_anticamp_camptime
L 02/02/2020 - 01:03:36: -------- Mapchange to surf_dust2_2015_csgo --------
L 02/02/2020 - 01:03:37: [anticamp.smx] addons/sourcemod/configs/anticamp_csgo_weapons.cfg not parsed...file doesn't exist! Using sm_anticamp_camptime
L 02/02/2020 - 01:15:27: SourceMod log file session started (file "/mnt/hlserver_extension1/27620/csgo/addons/sourcemod/logs/L20200202.log") (Version "1.10.0.6459")
L 02/02/2020 - 01:15:27: [anticamp.smx] addons/sourcemod/configs/anticamp_csgo_weapons.cfg not parsed...file doesn't exist! Using sm_anticamp_camptime
L 02/02/2020 - 01:16:02: -------- Mapchange to surf_dust2_2015_csgo --------
L 02/02/2020 - 01:16:04: [anticamp.smx] addons/sourcemod/configs/anticamp_csgo_weapons.cfg not parsed...file doesn't exist! Using sm_anticamp_camptime
L 02/02/2020 - 01:20:37: Log file closed.
L 02/02/2020 - 01:20:46: SourceMod log file session started (file "/mnt/hlserver_extension1/27620/csgo/addons/sourcemod/logs/L20200202.log") (Version "1.10.0.6459")
L 02/02/2020 - 01:20:46: [anticamp.smx] addons/sourcemod/configs/anticamp_csgo_weapons.cfg not parsed...file doesn't exist! Using sm_anticamp_camptime
L 02/02/2020 - 01:20:51: -------- Mapchange to surf_dust2_2015_csgo --------
L 02/02/2020 - 01:20:52: [anticamp.smx] addons/sourcemod/configs/anticamp_csgo_weapons.cfg not parsed...file doesn't exist! Using sm_anticamp_camptime
L 02/02/2020 - 01:27:56: Log file closed.
L 02/02/2020 - 01:28:04: SourceMod log file session started (file "/mnt/hlserver_extension1/27620/csgo/addons/sourcemod/logs/L20200202.log") (Version "1.10.0.6459")
L 02/02/2020 - 01:28:04: [anticamp.smx] addons/sourcemod/configs/anticamp_csgo_weapons.cfg not parsed...file doesn't exist! Using sm_anticamp_camptime
L 02/02/2020 - 06:26:53: SourceMod log file session started (file "/mnt/hlserver_extension1/27620/csgo/addons/sourcemod/logs/L20200202.log") (Version "1.10.0.6459")
L 02/02/2020 - 06:26:53: [anticamp.smx] addons/sourcemod/configs/anticamp_csgo_weapons.cfg not parsed...file doesn't exist! Using sm_anticamp_camptime
L 02/02/2020 - 12:17:53: -------- Mapchange to surf_dust2_2015_csgo --------
L 02/02/2020 - 12:17:54: [anticamp.smx] addons/sourcemod/configs/anticamp_csgo_weapons.cfg not parsed...file doesn't exist! Using sm_anticamp_camptime
L 02/02/2020 - 12:36:46: SourceMod log file session started (file "/mnt/hlserver_extension1/27620/csgo/addons/sourcemod/logs/L20200202.log") (Version "1.10.0.6459")
L 02/02/2020 - 12:36:46: [GEOIP] GeoIP database info: GEO-106FREE 20180327 Build 1 Copyright (c) 2018 MaxMind Inc All Rights Reserved
L 02/02/2020 - 12:36:48: [anticamp.smx] addons/sourcemod/configs/anticamp_csgo_weapons.cfg not parsed...file doesn't exist! Using sm_anticamp_camptime
L 02/02/2020 - 12:37:08: -------- Mapchange to surf_dust2_2015_csgo --------
L 02/02/2020 - 12:37:09: [anticamp.smx] addons/sourcemod/configs/anticamp_csgo_weapons.cfg not parsed...file doesn't exist! Using sm_anticamp_camptime
L 02/02/2020 - 12:43:41: Log file closed.
L 02/02/2020 - 12:43:49: SourceMod log file session started (file "/mnt/hlserver_extension1/27620/csgo/addons/sourcemod/logs/L20200202.log") (Version "1.10.0.6459")
L 02/02/2020 - 12:43:49: [GEOIP] GeoIP database info: GEO-106FREE 20180327 Build 1 Copyright (c) 2018 MaxMind Inc All Rights Reserved
L 02/02/2020 - 12:43:50: [anticamp.smx] addons/sourcemod/configs/anticamp_csgo_weapons.cfg not parsed...file doesn't exist! Using sm_anticamp_camptime
L 02/02/2020 - 12:44:32: -------- Mapchange to surf_dust2_2015_csgo --------
L 02/02/2020 - 12:44:33: [anticamp.smx] addons/sourcemod/configs/anticamp_csgo_weapons.cfg not parsed...file doesn't exist! Using sm_anticamp_camptime
L 02/02/2020 - 12:47:57: [smrpg.smx] SρyBҽҽ<2><STEAM_1:1:160125472><> permanently reset all stats of player SρyBҽҽ<2><STEAM_1:1:160125472><>.
L 02/02/2020 - 12:58:27: Log file closed.
L 02/02/2020 - 12:58:35: SourceMod log file session started (file "/mnt/hlserver_extension1/27620/csgo/addons/sourcemod/logs/L20200202.log") (Version "1.10.0.6459")
L 02/02/2020 - 12:58:35: [GEOIP] GeoIP database info: GEO-106FREE 20180327 Build 1 Copyright (c) 2018 MaxMind Inc All Rights Reserved
L 02/02/2020 - 12:58:37: [anticamp.smx] addons/sourcemod/configs/anticamp_csgo_weapons.cfg not parsed...file doesn't exist! Using sm_anticamp_camptime
L 02/02/2020 - 12:58:42: -------- Mapchange to surf_dust2_2015_csgo --------
L 02/02/2020 - 12:58:43: [anticamp.smx] addons/sourcemod/configs/anticamp_csgo_weapons.cfg not parsed...file doesn't exist! Using sm_anticamp_camptime
L 02/02/2020 - 13:03:50: Log file closed.
L 02/02/2020 - 13:03:59: SourceMod log file session started (file "/mnt/hlserver_extension1/27620/csgo/addons/sourcemod/logs/L20200202.log") (Version "1.10.0.6459")
L 02/02/2020 - 13:03:59: [anticamp.smx] addons/sourcemod/configs/anticamp_csgo_weapons.cfg not parsed...file doesn't exist! Using sm_anticamp_camptime
L 02/02/2020 - 13:04:46: -------- Mapchange to surf_dust2_2015_csgo --------
L 02/02/2020 - 13:04:48: [anticamp.smx] addons/sourcemod/configs/anticamp_csgo_weapons.cfg not parsed...file doesn't exist! Using sm_anticamp_camptime
L 02/02/2020 - 13:15:36: Log file closed.
L 02/02/2020 - 13:15:44: SourceMod log file session started (file "/mnt/hlserver_extension1/27620/csgo/addons/sourcemod/logs/L20200202.log") (Version "1.10.0.6459")
L 02/02/2020 - 13:15:44: [anticamp.smx] addons/sourcemod/configs/anticamp_csgo_weapons.cfg not parsed...file doesn't exist! Using sm_anticamp_camptime
L 02/02/2020 - 13:16:10: -------- Mapchange to surf_dust2_2015_csgo --------
L 02/02/2020 - 13:16:10: [chat-processor.smx] Message formats generated for game 'csgo'.
L 02/02/2020 - 13:16:10: [chat-processor.smx] Successfully hooked a SayText2 chat hook.
L 02/02/2020 - 13:16:11: [anticamp.smx] addons/sourcemod/configs/anticamp_csgo_weapons.cfg not parsed...file doesn't exist! Using sm_anticamp_camptime
L 02/02/2020 - 13:29:08: Log file closed.
L 02/02/2020 - 13:29:17: SourceMod log file session started (file "/mnt/hlserver_extension1/27620/csgo/addons/sourcemod/logs/L20200202.log") (Version "1.10.0.6459")
L 02/02/2020 - 13:29:17: [anticamp.smx] addons/sourcemod/configs/anticamp_csgo_weapons.cfg not parsed...file doesn't exist! Using sm_anticamp_camptime
L 02/02/2020 - 13:31:16: -------- Mapchange to surf_dust2_2015_csgo --------
L 02/02/2020 - 13:31:16: [chat-processor.smx] Message formats generated for game 'csgo'.
L 02/02/2020 - 13:31:16: [chat-processor.smx] Successfully hooked a SayText2 chat hook.
L 02/02/2020 - 13:31:17: [anticamp.smx] addons/sourcemod/configs/anticamp_csgo_weapons.cfg not parsed...file doesn't exist! Using sm_anticamp_camptime
L 02/02/2020 - 16:07:06: -------- Mapchange to surf_dust2_2015_csgo --------
L 02/02/2020 - 16:07:07: [anticamp.smx] addons/sourcemod/configs/anticamp_csgo_weapons.cfg not parsed...file doesn't exist! Using sm_anticamp_camptime
L 02/02/2020 - 16:07:07: [chat-processor.smx] Message formats generated for game 'csgo'.
L 02/02/2020 - 16:07:07: [chat-processor.smx] Successfully hooked a SayText2 chat hook.
L 02/02/2020 - 23:14:43: -------- Mapchange to surf_dust2_2015_csgo --------
L 02/02/2020 - 23:14:44: [anticamp.smx] addons/sourcemod/configs/anticamp_csgo_weapons.cfg not parsed...file doesn't exist! Using sm_anticamp_camptime
L 02/02/2020 - 23:14:44: [chat-processor.smx] Message formats generated for game 'csgo'.
L 02/02/2020 - 23:14:44: [chat-processor.smx] Successfully hooked a SayText2 chat hook.
L 02/03/2020 - 06:26:40: Log file closed.
